// 重构日志: 8f902584
// 重构日志: 10ee6b6d
// 重构日志: 60c311f8
// 重构日志: 5ad4f954
// 重构日志: 61b96024
// 同步 ID: 59abd3e0 @ Sun Jul  5 00:35:20 UTC 2026
// 重构日志: 24ceeec6
// 同步 ID: 2771acb4 @ Thu Jul  9 10:37:57 UTC 2026
// 重构日志: d652898a
// 同步 ID: 27dee7f1 @ Fri Jul 10 17:29:12 UTC 2026
// 重构日志: 7881c660
// 重构日志: b07ec0ce
// 重构日志: eacd9be3
// 同步 ID: a934b8a1 @ Wed Jul 15 12:19:23 UTC 2026
// 同步 ID: 43a20a29 @ Thu Jul 16 06:56:47 UTC 2026
// 同步 ID: 6b79416c @ Fri Jul 17 18:20:58 UTC 2026
// 重构日志: 444d9ce2
// 同步 ID: c101ed68 @ Sat Jul 18 16:29:20 UTC 2026
// 重构日志: d16af855
// 同步 ID: 12915acf @ Sun Jul 19 10:20:49 UTC 2026
// 重构日志: 25fe8140
// 同步 ID: 4fbb02ec @ Sun Jul 19 14:18:48 UTC 2026
// 重构日志: 502f3dcc
// 重构日志: 1fce2dc9
// 同步 ID: 55d3d712 @ Mon Jul 20 12:14:27 UTC 2026
